{
  "stats": {
    "suites": 2,
    "tests": 17,
    "passes": 15,
    "pending": 0,
    "failures": 2,
    "start": "2021-12-02T16:47:38.610Z",
    "end": "2021-12-02T16:47:38.626Z",
    "duration": 16,
    "testsRegistered": 17,
    "passPercent": 88.23529411764706,
    "pendingPercent": 0,
    "other": 0,
    "hasOther": false,
    "skipped": 0,
    "hasSkipped": false
  },
  "results": [
    {
      "uuid": "1f6aa34f-eb19-4b86-a05f-b2b19d06209a",
      "title": "",
      "fullFile": "",
      "file": "",
      "beforeHooks": [],
      "afterHooks": [],
      "tests": [],
      "suites": [
        {
          "uuid": "a9968f85-d486-4d40-961f-73fc4ac66922",
          "title": "trying to check add function in Calculator",
          "fullFile": "C:\\Users\\Arsen_Hovhannisyan\\Desktop\\jsAutomationMentoringProgram\\jsAutomationMentoringProgram\\test\\specs\\addFunctionInCalculator.spec.js",
          "file": "\\test\\specs\\addFunctionInCalculator.spec.js",
          "beforeHooks": [
            {
              "title": "\"before each\" hook in \"trying to check add function in Calculator\"",
              "fullTitle": "trying to check add function in Calculator \"before each\" hook in \"trying to check add function in Calculator\"",
              "timedOut": false,
              "duration": 0,
              "state": null,
              "speed": null,
              "pass": false,
              "fail": false,
              "pending": false,
              "context": null,
              "code": "calc = new Calculator();",
              "err": {},
              "uuid": "83ac2b5a-caba-4fe2-af33-acc0a0375993",
              "parentUUID": "a9968f85-d486-4d40-961f-73fc4ac66922",
              "isHook": true,
              "skipped": false
            }
          ],
          "afterHooks": [
            {
              "title": "\"after each\" hook in \"trying to check add function in Calculator\"",
              "fullTitle": "trying to check add function in Calculator \"after each\" hook in \"trying to check add function in Calculator\"",
              "timedOut": false,
              "duration": 0,
              "state": null,
              "speed": null,
              "pass": false,
              "fail": false,
              "pending": false,
              "context": null,
              "code": "calc = null ;",
              "err": {},
              "uuid": "05a00192-345c-44e1-b3e2-dcdf734b5fbd",
              "parentUUID": "a9968f85-d486-4d40-961f-73fc4ac66922",
              "isHook": true,
              "skipped": false
            }
          ],
          "tests": [
            {
              "title": "should return number 5",
              "fullTitle": "trying to check add function in Calculator should return number 5",
              "timedOut": false,
              "duration": 1,
              "state": "passed",
              "speed": "fast",
              "pass": true,
              "fail": false,
              "pending": false,
              "context": null,
              "code": "expect(calc.add(2,3)).to.be.equal(5);",
              "err": {},
              "uuid": "3305f9a8-13d1-4a58-8658-16698876b017",
              "parentUUID": "a9968f85-d486-4d40-961f-73fc4ac66922",
              "isHook": false,
              "skipped": false
            },
            {
              "title": "should throw error",
              "fullTitle": "trying to check add function in Calculator should throw error",
              "timedOut": false,
              "duration": 1,
              "state": "passed",
              "speed": "fast",
              "pass": true,
              "fail": false,
              "pending": false,
              "context": null,
              "code": "calc.add(-5,null).should.be.a('string');",
              "err": {},
              "uuid": "0869f456-2889-4b42-b881-2fe279e426f0",
              "parentUUID": "a9968f85-d486-4d40-961f-73fc4ac66922",
              "isHook": false,
              "skipped": false
            },
            {
              "title": "should throw error",
              "fullTitle": "trying to check add function in Calculator should throw error",
              "timedOut": false,
              "duration": 1,
              "state": "passed",
              "speed": "fast",
              "pass": true,
              "fail": false,
              "pending": false,
              "context": null,
              "code": "calc.add(-5,undefined).should.be.a('string');",
              "err": {},
              "uuid": "825a5963-433f-40b3-b50c-9df13886534e",
              "parentUUID": "a9968f85-d486-4d40-961f-73fc4ac66922",
              "isHook": false,
              "skipped": false
            },
            {
              "title": "should throw error",
              "fullTitle": "trying to check add function in Calculator should throw error",
              "timedOut": false,
              "duration": 0,
              "state": "passed",
              "speed": "fast",
              "pass": true,
              "fail": false,
              "pending": false,
              "context": null,
              "code": "calc.add(\"7\",0).should.be.a('string');",
              "err": {},
              "uuid": "05d06798-1b97-4d99-9773-7e9b9be0ca65",
              "parentUUID": "a9968f85-d486-4d40-961f-73fc4ac66922",
              "isHook": false,
              "skipped": false
            },
            {
              "title": "should throw error",
              "fullTitle": "trying to check add function in Calculator should throw error",
              "timedOut": false,
              "duration": 1,
              "state": "failed",
              "speed": null,
              "pass": false,
              "fail": true,
              "pending": false,
              "context": null,
              "code": "calc.add(900719925474,8).should.be.a('string');",
              "err": {
                "message": "AssertionError: expected 900719925482 to be a string",
                "estack": "AssertionError: expected 900719925482 to be a string\n    at Context.<anonymous> (test\\specs\\addFunctionInCalculator.spec.js:27:44)\n    at processImmediate (internal/timers.js:464:21)",
                "diff": null
              },
              "uuid": "57ea48b9-02d5-48a3-904e-420e88915bd6",
              "parentUUID": "a9968f85-d486-4d40-961f-73fc4ac66922",
              "isHook": false,
              "skipped": false
            },
            {
              "title": "should return number 3",
              "fullTitle": "trying to check add function in Calculator should return number 3",
              "timedOut": false,
              "duration": 0,
              "state": "passed",
              "speed": "fast",
              "pass": true,
              "fail": false,
              "pending": false,
              "context": null,
              "code": "expect(calc.add(0,3)).to.be.equal(3);",
              "err": {},
              "uuid": "e1ec071f-c1b3-4294-8a5c-bebc3b326064",
              "parentUUID": "a9968f85-d486-4d40-961f-73fc4ac66922",
              "isHook": false,
              "skipped": false
            },
            {
              "title": "should return number -9",
              "fullTitle": "trying to check add function in Calculator should return number -9",
              "timedOut": false,
              "duration": 0,
              "state": "passed",
              "speed": "fast",
              "pass": true,
              "fail": false,
              "pending": false,
              "context": null,
              "code": "expect(calc.add(-12,3)).to.be.equal(-9);",
              "err": {},
              "uuid": "a87b6ff1-14db-4c1c-a988-6f5c2108a0b2",
              "parentUUID": "a9968f85-d486-4d40-961f-73fc4ac66922",
              "isHook": false,
              "skipped": false
            },
            {
              "title": "should return number -15",
              "fullTitle": "trying to check add function in Calculator should return number -15",
              "timedOut": false,
              "duration": 0,
              "state": "passed",
              "speed": "fast",
              "pass": true,
              "fail": false,
              "pending": false,
              "context": null,
              "code": "expect(calc.add(-12,-3)).to.be.equal(-15);",
              "err": {},
              "uuid": "df79117f-1d23-40db-a031-da9faa6df306",
              "parentUUID": "a9968f85-d486-4d40-961f-73fc4ac66922",
              "isHook": false,
              "skipped": false
            }
          ],
          "suites": [],
          "passes": [
            "3305f9a8-13d1-4a58-8658-16698876b017",
            "0869f456-2889-4b42-b881-2fe279e426f0",
            "825a5963-433f-40b3-b50c-9df13886534e",
            "05d06798-1b97-4d99-9773-7e9b9be0ca65",
            "e1ec071f-c1b3-4294-8a5c-bebc3b326064",
            "a87b6ff1-14db-4c1c-a988-6f5c2108a0b2",
            "df79117f-1d23-40db-a031-da9faa6df306"
          ],
          "failures": [
            "57ea48b9-02d5-48a3-904e-420e88915bd6"
          ],
          "pending": [],
          "skipped": [],
          "duration": 4,
          "root": false,
          "rootEmpty": false,
          "_timeout": 2000
        },
        {
          "uuid": "ab9f901c-c7f2-4901-8ad0-648eaad259e6",
          "title": "trying to check multiply function in Calculator",
          "fullFile": "C:\\Users\\Arsen_Hovhannisyan\\Desktop\\jsAutomationMentoringProgram\\jsAutomationMentoringProgram\\test\\specs\\multyplyFunctionInCalculator.spec.js",
          "file": "\\test\\specs\\multyplyFunctionInCalculator.spec.js",
          "beforeHooks": [
            {
              "title": "\"before each\" hook in \"trying to check multiply function in Calculator\"",
              "fullTitle": "trying to check multiply function in Calculator \"before each\" hook in \"trying to check multiply function in Calculator\"",
              "timedOut": false,
              "duration": 0,
              "state": null,
              "speed": null,
              "pass": false,
              "fail": false,
              "pending": false,
              "context": null,
              "code": "calc = new Calculator();",
              "err": {},
              "uuid": "24ad25af-6a48-4201-886f-52c719bd5f51",
              "parentUUID": "ab9f901c-c7f2-4901-8ad0-648eaad259e6",
              "isHook": true,
              "skipped": false
            }
          ],
          "afterHooks": [
            {
              "title": "\"after each\" hook in \"trying to check multiply function in Calculator\"",
              "fullTitle": "trying to check multiply function in Calculator \"after each\" hook in \"trying to check multiply function in Calculator\"",
              "timedOut": false,
              "duration": 0,
              "state": null,
              "speed": null,
              "pass": false,
              "fail": false,
              "pending": false,
              "context": null,
              "code": "calc = null ;",
              "err": {},
              "uuid": "fa39c12d-0e22-4f9d-9f4e-5f3a017dca1f",
              "parentUUID": "ab9f901c-c7f2-4901-8ad0-648eaad259e6",
              "isHook": true,
              "skipped": false
            }
          ],
          "tests": [
            {
              "title": "should return number 6",
              "fullTitle": "trying to check multiply function in Calculator should return number 6",
              "timedOut": false,
              "duration": 0,
              "state": "passed",
              "speed": "fast",
              "pass": true,
              "fail": false,
              "pending": false,
              "context": null,
              "code": "expect(calc.multiply(2,3)).to.be.equal(6);",
              "err": {},
              "uuid": "5a129c14-1326-4b36-8164-da36f6b9db3e",
              "parentUUID": "ab9f901c-c7f2-4901-8ad0-648eaad259e6",
              "isHook": false,
              "skipped": false
            },
            {
              "title": "should throw error",
              "fullTitle": "trying to check multiply function in Calculator should throw error",
              "timedOut": false,
              "duration": 0,
              "state": "passed",
              "speed": "fast",
              "pass": true,
              "fail": false,
              "pending": false,
              "context": null,
              "code": "calc.multiply(-5,null).should.be.a('string');",
              "err": {},
              "uuid": "349ce306-9f71-42ea-baf1-1bfffeca67fd",
              "parentUUID": "ab9f901c-c7f2-4901-8ad0-648eaad259e6",
              "isHook": false,
              "skipped": false
            },
            {
              "title": "should throw error",
              "fullTitle": "trying to check multiply function in Calculator should throw error",
              "timedOut": false,
              "duration": 0,
              "state": "passed",
              "speed": "fast",
              "pass": true,
              "fail": false,
              "pending": false,
              "context": null,
              "code": "calc.multiply(-5,undefined).should.be.a('string');",
              "err": {},
              "uuid": "23ce07fe-01df-4619-b69c-75eb9a7cc257",
              "parentUUID": "ab9f901c-c7f2-4901-8ad0-648eaad259e6",
              "isHook": false,
              "skipped": false
            },
            {
              "title": "should throw error",
              "fullTitle": "trying to check multiply function in Calculator should throw error",
              "timedOut": false,
              "duration": 0,
              "state": "passed",
              "speed": "fast",
              "pass": true,
              "fail": false,
              "pending": false,
              "context": null,
              "code": "calc.multiply(\"7\",0).should.be.a('string');",
              "err": {},
              "uuid": "322e3763-2675-4e3b-860e-a7f01d2c4bba",
              "parentUUID": "ab9f901c-c7f2-4901-8ad0-648eaad259e6",
              "isHook": false,
              "skipped": false
            },
            {
              "title": "should throw error",
              "fullTitle": "trying to check multiply function in Calculator should throw error",
              "timedOut": false,
              "duration": 1,
              "state": "failed",
              "speed": null,
              "pass": false,
              "fail": true,
              "pending": false,
              "context": null,
              "code": "calc.multiply(90071900925474,8).should.be.a('string');",
              "err": {
                "message": "AssertionError: expected 720575207403792 to be a string",
                "estack": "AssertionError: expected 720575207403792 to be a string\n    at Context.<anonymous> (test\\specs\\multyplyFunctionInCalculator.spec.js:28:51)\n    at processImmediate (internal/timers.js:464:21)",
                "diff": null
              },
              "uuid": "a8dd8948-4605-4ef3-94ae-1f51f81cb8ff",
              "parentUUID": "ab9f901c-c7f2-4901-8ad0-648eaad259e6",
              "isHook": false,
              "skipped": false
            },
            {
              "title": "should return number 0",
              "fullTitle": "trying to check multiply function in Calculator should return number 0",
              "timedOut": false,
              "duration": 0,
              "state": "passed",
              "speed": "fast",
              "pass": true,
              "fail": false,
              "pending": false,
              "context": null,
              "code": "expect(calc.multiply(0,3)).to.be.equal(0);",
              "err": {},
              "uuid": "0a720b0a-0d10-448b-9374-45096ef1fe7d",
              "parentUUID": "ab9f901c-c7f2-4901-8ad0-648eaad259e6",
              "isHook": false,
              "skipped": false
            },
            {
              "title": "should return number -36",
              "fullTitle": "trying to check multiply function in Calculator should return number -36",
              "timedOut": false,
              "duration": 0,
              "state": "passed",
              "speed": "fast",
              "pass": true,
              "fail": false,
              "pending": false,
              "context": null,
              "code": "expect(calc.multiply(-12,3)).to.be.equal(-36);",
              "err": {},
              "uuid": "487d5c83-7139-4c3a-974c-d8b31ee68b53",
              "parentUUID": "ab9f901c-c7f2-4901-8ad0-648eaad259e6",
              "isHook": false,
              "skipped": false
            },
            {
              "title": "should return number 24",
              "fullTitle": "trying to check multiply function in Calculator should return number 24",
              "timedOut": false,
              "duration": 0,
              "state": "passed",
              "speed": "fast",
              "pass": true,
              "fail": false,
              "pending": false,
              "context": null,
              "code": "expect(calc.multiply(-12,-2)).to.be.equal(24);",
              "err": {},
              "uuid": "7139a5af-77a1-4c1b-813f-9f2882993e9c",
              "parentUUID": "ab9f901c-c7f2-4901-8ad0-648eaad259e6",
              "isHook": false,
              "skipped": false
            },
            {
              "title": "should return number 0",
              "fullTitle": "trying to check multiply function in Calculator should return number 0",
              "timedOut": false,
              "duration": 0,
              "state": "passed",
              "speed": "fast",
              "pass": true,
              "fail": false,
              "pending": false,
              "context": null,
              "code": "expect(calc.multiply(0,0.5)).to.be.equal(0);",
              "err": {},
              "uuid": "f9b9ea4b-b8e6-4c94-b92b-0b39d913c6d8",
              "parentUUID": "ab9f901c-c7f2-4901-8ad0-648eaad259e6",
              "isHook": false,
              "skipped": false
            }
          ],
          "suites": [],
          "passes": [
            "5a129c14-1326-4b36-8164-da36f6b9db3e",
            "349ce306-9f71-42ea-baf1-1bfffeca67fd",
            "23ce07fe-01df-4619-b69c-75eb9a7cc257",
            "322e3763-2675-4e3b-860e-a7f01d2c4bba",
            "0a720b0a-0d10-448b-9374-45096ef1fe7d",
            "487d5c83-7139-4c3a-974c-d8b31ee68b53",
            "7139a5af-77a1-4c1b-813f-9f2882993e9c",
            "f9b9ea4b-b8e6-4c94-b92b-0b39d913c6d8"
          ],
          "failures": [
            "a8dd8948-4605-4ef3-94ae-1f51f81cb8ff"
          ],
          "pending": [],
          "skipped": [],
          "duration": 1,
          "root": false,
          "rootEmpty": false,
          "_timeout": 2000
        }
      ],
      "passes": [],
      "failures": [],
      "pending": [],
      "skipped": [],
      "duration": 0,
      "root": true,
      "rootEmpty": true,
      "_timeout": 2000
    }
  ],
  "meta": {
    "mocha": {
      "version": "9.1.3"
    },
    "mochawesome": {
      "options": {
        "quiet": false,
        "reportFilename": "mochawesome",
        "saveHtml": true,
        "saveJson": true,
        "consoleReporter": "spec",
        "useInlineDiffs": false,
        "code": true
      },
      "version": "6.3.1"
    },
    "marge": {
      "options": null,
      "version": "5.2.0"
    }
  }
}